[ 2018-08-23T10:56:43+08:00 ] 123.118.123.78 /favicon.ico
INFO: [ app_init ] --START--
INFO: Run Behavior\BuildLiteBehavior [ RunTime:0.000006s ]
INFO: [ app_init ] --END-- [ RunTime:0.000039s ]
ERR: 无法加载模块:Favicon

[ 2018-08-23T16:33:18+08:00 ] 123.118.123.78 /Uploads/Img/2018-08-22/01.jpg
INFO: [ app_init ] --START--
INFO: Run Behavior\BuildLiteBehavior [ RunTime:0.000006s ]
INFO: [ app_init ] --END-- [ RunTime:0.000043s ]
ERR: 无法加载模块:Uploads

[ 2018-08-23T16:33:18+08:00 ] 123.118.123.78 /Uploads/Img/2018-08-22/02.jpg
INFO: [ app_init ] --START--
INFO: Run Behavior\BuildLiteBehavior [ RunTime:0.000004s ]
INFO: [ app_init ] --END-- [ RunTime:0.000026s ]
ERR: 无法加载模块:Uploads

[ 2018-08-23T16:35:17+08:00 ] 123.118.123.78 /Uploads/Img/2018-08-22/01.jpg
INFO: [ app_init ] --START--
INFO: Run Behavior\BuildLiteBehavior [ RunTime:0.000005s ]
INFO: [ app_init ] --END-- [ RunTime:0.000043s ]
ERR: 无法加载模块:Uploads

[ 2018-08-23T16:35:17+08:00 ] 123.118.123.78 /Uploads/Img/2018-08-22/02.jpg
INFO: [ app_init ] --START--
INFO: Run Behavior\BuildLiteBehavior [ RunTime:0.000004s ]
INFO: [ app_init ] --END-- [ RunTime:0.000025s ]
ERR: 无法加载模块:Uploads

[ 2018-08-23T16:35:46+08:00 ] 123.118.123.78 /Uploads/Img/2018-08-22/01.jpg
INFO: [ app_init ] --START--
INFO: Run Behavior\BuildLiteBehavior [ RunTime:0.000004s ]
INFO: [ app_init ] --END-- [ RunTime:0.000032s ]
ERR: 无法加载模块:Uploads

[ 2018-08-23T16:35:46+08:00 ] 123.118.123.78 /Uploads/Img/2018-08-22/02.jpg
INFO: [ app_init ] --START--
INFO: Run Behavior\BuildLiteBehavior [ RunTime:0.000004s ]
INFO: [ app_init ] --END-- [ RunTime:0.000032s ]
ERR: 无法加载模块:Uploads

[ 2018-08-23T16:37:15+08:00 ] 123.118.123.78 /Uploads/Img/2018-08-22/01.jpg
INFO: [ app_init ] --START--
INFO: Run Behavior\BuildLiteBehavior [ RunTime:0.000008s ]
INFO: [ app_init ] --END-- [ RunTime:0.000062s ]
ERR: 无法加载模块:Uploads

[ 2018-08-23T16:37:31+08:00 ] 123.118.123.78 /Uploads/Img/2018-08-22/01.jpg
INFO: [ app_init ] --START--
INFO: Run Behavior\BuildLiteBehavior [ RunTime:0.000009s ]
INFO: [ app_init ] --END-- [ RunTime:0.000058s ]
ERR: 无法加载模块:Uploads

[ 2018-08-23T16:37:39+08:00 ] 123.118.123.78 /Uploads/Img/2018-08-22/01.jpg
INFO: [ app_init ] --START--
INFO: Run Behavior\BuildLiteBehavior [ RunTime:0.000006s ]
INFO: [ app_init ] --END-- [ RunTime:0.000044s ]
ERR: 无法加载模块:Uploads

[ 2018-08-23T16:38:04+08:00 ] 123.118.123.78 /Uploads/Img/2018-08-22/01.jpg
INFO: [ app_init ] --START--
INFO: Run Behavior\BuildLiteBehavior [ RunTime:0.000006s ]
INFO: [ app_init ] --END-- [ RunTime:0.000046s ]
ERR: 无法加载模块:Uploads

[ 2018-08-23T16:38:04+08:00 ] 123.118.123.78 /Uploads/Img/2018-08-22/02.jpg
INFO: [ app_init ] --START--
INFO: Run Behavior\BuildLiteBehavior [ RunTime:0.000004s ]
INFO: [ app_init ] --END-- [ RunTime:0.000028s ]
ERR: 无法加载模块:Uploads

[ 2018-08-23T16:38:09+08:00 ] 123.118.123.78 /Uploads/Img/2018-08-22/01.jpg
INFO: [ app_init ] --START--
INFO: Run Behavior\BuildLiteBehavior [ RunTime:0.000004s ]
INFO: [ app_init ] --END-- [ RunTime:0.000026s ]
ERR: 无法加载模块:Uploads

[ 2018-08-23T16:38:09+08:00 ] 123.118.123.78 /Uploads/Img/2018-08-22/02.jpg
INFO: [ app_init ] --START--
INFO: Run Behavior\BuildLiteBehavior [ RunTime:0.000004s ]
INFO: [ app_init ] --END-- [ RunTime:0.000025s ]
ERR: 无法加载模块:Uploads

[ 2018-08-23T16:52:04+08:00 ] 123.118.123.78 /Uploads/Img/2018-08-22/02.jpg
INFO: [ app_init ] --START--
INFO: Run Behavior\BuildLiteBehavior [ RunTime:0.000020s ]
INFO: [ app_init ] --END-- [ RunTime:0.000058s ]
ERR: 无法加载模块:Uploads

[ 2018-08-23T16:52:04+08:00 ] 123.118.123.78 /Uploads/Img/2018-08-22/01.jpg
INFO: [ app_init ] --START--
INFO: Run Behavior\BuildLiteBehavior [ RunTime:0.000004s ]
INFO: [ app_init ] --END-- [ RunTime:0.000025s ]
ERR: 无法加载模块:Uploads

[ 2018-08-23T16:52:15+08:00 ] 123.118.123.78 /Uploads/Img/2018-08-22/02.jpg
INFO: [ app_init ] --START--
INFO: Run Behavior\BuildLiteBehavior [ RunTime:0.000005s ]
INFO: [ app_init ] --END-- [ RunTime:0.000037s ]
ERR: 无法加载模块:Uploads

[ 2018-08-23T16:52:15+08:00 ] 123.118.123.78 /Uploads/Img/2018-08-22/01.jpg
INFO: [ app_init ] --START--
INFO: Run Behavior\BuildLiteBehavior [ RunTime:0.000004s ]
INFO: [ app_init ] --END-- [ RunTime:0.000027s ]
ERR: 无法加载模块:Uploads

[ 2018-08-23T16:55:12+08:00 ] 123.118.123.78 /Uploads/Img/2018-08-22/01.jpg
INFO: [ app_init ] --START--
INFO: Run Behavior\BuildLiteBehavior [ RunTime:0.000006s ]
INFO: [ app_init ] --END-- [ RunTime:0.000042s ]
ERR: 无法加载模块:Uploads

[ 2018-08-23T16:55:12+08:00 ] 123.118.123.78 /Uploads/Img/2018-08-22/02.jpg
INFO: [ app_init ] --START--
INFO: Run Behavior\BuildLiteBehavior [ RunTime:0.000004s ]
INFO: [ app_init ] --END-- [ RunTime:0.000027s ]
ERR: 无法加载模块:Uploads

[ 2018-08-23T16:56:23+08:00 ] 123.118.123.78 /Uploads/Img/2018-08-22/01.jpg
INFO: [ app_init ] --START--
INFO: Run Behavior\BuildLiteBehavior [ RunTime:0.000005s ]
INFO: [ app_init ] --END-- [ RunTime:0.000034s ]
ERR: 无法加载模块:Uploads

[ 2018-08-23T16:56:23+08:00 ] 123.118.123.78 /Uploads/Img/2018-08-22/02.jpg
INFO: [ app_init ] --START--
INFO: Run Behavior\BuildLiteBehavior [ RunTime:0.000005s ]
INFO: [ app_init ] --END-- [ RunTime:0.000034s ]
ERR: 无法加载模块:Uploads

[ 2018-08-23T16:56:27+08:00 ] 123.118.123.78 /Uploads/Img/2018-08-22/02.jpg
INFO: [ app_init ] --START--
INFO: Run Behavior\BuildLiteBehavior [ RunTime:0.000005s ]
INFO: [ app_init ] --END-- [ RunTime:0.000030s ]
ERR: 无法加载模块:Uploads

[ 2018-08-23T16:56:27+08:00 ] 123.118.123.78 /Uploads/Img/2018-08-22/01.jpg
INFO: [ app_init ] --START--
INFO: Run Behavior\BuildLiteBehavior [ RunTime:0.000005s ]
INFO: [ app_init ] --END-- [ RunTime:0.000028s ]
ERR: 无法加载模块:Uploads

[ 2018-08-23T16:56:40+08:00 ] 123.118.123.78 /Uploads/Img/2018-08-22/01.jpg
INFO: [ app_init ] --START--
INFO: Run Behavior\BuildLiteBehavior [ RunTime:0.000005s ]
INFO: [ app_init ] --END-- [ RunTime:0.000031s ]
ERR: 无法加载模块:Uploads

[ 2018-08-23T16:56:40+08:00 ] 123.118.123.78 /Uploads/Img/2018-08-22/02.jpg
INFO: [ app_init ] --START--
INFO: Run Behavior\BuildLiteBehavior [ RunTime:0.000004s ]
INFO: [ app_init ] --END-- [ RunTime:0.000028s ]
ERR: 无法加载模块:Uploads

[ 2018-08-23T16:56:43+08:00 ] 123.118.123.78 /Uploads/Img/2018-08-22/01.jpg
INFO: [ app_init ] --START--
INFO: Run Behavior\BuildLiteBehavior [ RunTime:0.000006s ]
INFO: [ app_init ] --END-- [ RunTime:0.000084s ]
ERR: 无法加载模块:Uploads

[ 2018-08-23T16:56:43+08:00 ] 123.118.123.78 /Uploads/Img/2018-08-22/02.jpg
INFO: [ app_init ] --START--
INFO: Run Behavior\BuildLiteBehavior [ RunTime:0.000005s ]
INFO: [ app_init ] --END-- [ RunTime:0.000034s ]
ERR: 无法加载模块:Uploads

[ 2018-08-23T17:01:46+08:00 ] 123.118.123.78 /Uploads/Img/2018-08-22/01.jpg
INFO: [ app_init ] --START--
INFO: Run Behavior\BuildLiteBehavior [ RunTime:0.000008s ]
INFO: [ app_init ] --END-- [ RunTime:0.000063s ]
ERR: 无法加载模块:Uploads

[ 2018-08-23T17:01:46+08:00 ] 123.118.123.78 /Uploads/Img/2018-08-22/02.jpg
INFO: [ app_init ] --START--
INFO: Run Behavior\BuildLiteBehavior [ RunTime:0.000007s ]
INFO: [ app_init ] --END-- [ RunTime:0.000058s ]
ERR: 无法加载模块:Uploads

[ 2018-08-23T17:01:49+08:00 ] 123.118.123.78 /Uploads/Img/2018-08-22/01.jpg
INFO: [ app_init ] --START--
INFO: Run Behavior\BuildLiteBehavior [ RunTime:0.000006s ]
INFO: [ app_init ] --END-- [ RunTime:0.000064s ]
ERR: 无法加载模块:Uploads

[ 2018-08-23T17:01:49+08:00 ] 123.118.123.78 /Uploads/Img/2018-08-22/02.jpg
INFO: [ app_init ] --START--
INFO: Run Behavior\BuildLiteBehavior [ RunTime:0.000003s ]
INFO: [ app_init ] --END-- [ RunTime:0.000025s ]
ERR: 无法加载模块:Uploads

[ 2018-08-23T17:03:02+08:00 ] 123.118.123.78 /Uploads/Img/2018-08-22/02.jpg
INFO: [ app_init ] --START--
INFO: Run Behavior\BuildLiteBehavior [ RunTime:0.000006s ]
INFO: [ app_init ] --END-- [ RunTime:0.000043s ]
ERR: 无法加载模块:Uploads

[ 2018-08-23T17:03:02+08:00 ] 123.118.123.78 /Uploads/Img/2018-08-22/01.jpg
INFO: [ app_init ] --START--
INFO: Run Behavior\BuildLiteBehavior [ RunTime:0.000004s ]
INFO: [ app_init ] --END-- [ RunTime:0.000028s ]
ERR: 无法加载模块:Uploads

[ 2018-08-23T17:03:06+08:00 ] 123.118.123.78 /Uploads/Img/2018-08-22/02.jpg
INFO: [ app_init ] --START--
INFO: Run Behavior\BuildLiteBehavior [ RunTime:0.000005s ]
INFO: [ app_init ] --END-- [ RunTime:0.000034s ]
ERR: 无法加载模块:Uploads

[ 2018-08-23T17:03:06+08:00 ] 123.118.123.78 /Uploads/Img/2018-08-22/01.jpg
INFO: [ app_init ] --START--
INFO: Run Behavior\BuildLiteBehavior [ RunTime:0.000003s ]
INFO: [ app_init ] --END-- [ RunTime:0.000026s ]
ERR: 无法加载模块:Uploads

[ 2018-08-23T17:07:23+08:00 ] 123.118.123.78 /Uploads/Img/2018-08-22/01.jpg
INFO: [ app_init ] --START--
INFO: Run Behavior\BuildLiteBehavior [ RunTime:0.000006s ]
INFO: [ app_init ] --END-- [ RunTime:0.000048s ]
ERR: 无法加载模块:Uploads

[ 2018-08-23T17:07:23+08:00 ] 123.118.123.78 /Uploads/Img/2018-08-22/02.jpg
INFO: [ app_init ] --START--
INFO: Run Behavior\BuildLiteBehavior [ RunTime:0.000005s ]
INFO: [ app_init ] --END-- [ RunTime:0.000029s ]
ERR: 无法加载模块:Uploads

[ 2018-08-23T17:17:59+08:00 ] 123.118.123.78 /Uploads/Img/2018-08-22/01.jpg
INFO: [ app_init ] --START--
INFO: Run Behavior\BuildLiteBehavior [ RunTime:0.000006s ]
INFO: [ app_init ] --END-- [ RunTime:0.000040s ]
ERR: 无法加载模块:Uploads

[ 2018-08-23T17:17:59+08:00 ] 123.118.123.78 /Uploads/Img/2018-08-22/02.jpg
INFO: [ app_init ] --START--
INFO: Run Behavior\BuildLiteBehavior [ RunTime:0.000004s ]
INFO: [ app_init ] --END-- [ RunTime:0.000026s ]
ERR: 无法加载模块:Uploads

[ 2018-08-23T17:18:05+08:00 ] 123.118.123.78 /Uploads/Img/2018-08-22/02.jpg
INFO: [ app_init ] --START--
INFO: Run Behavior\BuildLiteBehavior [ RunTime:0.000004s ]
INFO: [ app_init ] --END-- [ RunTime:0.000038s ]
ERR: 无法加载模块:Uploads

[ 2018-08-23T17:18:05+08:00 ] 123.118.123.78 /Uploads/Img/2018-08-22/01.jpg
INFO: [ app_init ] --START--
INFO: Run Behavior\BuildLiteBehavior [ RunTime:0.000004s ]
INFO: [ app_init ] --END-- [ RunTime:0.000035s ]
ERR: 无法加载模块:Uploads

[ 2018-08-23T17:36:28+08:00 ] 123.118.123.78 /Uploads/Img/2018-08-22/01.jpg
INFO: [ app_init ] --START--
INFO: Run Behavior\BuildLiteBehavior [ RunTime:0.000008s ]
INFO: [ app_init ] --END-- [ RunTime:0.000056s ]
ERR: 无法加载模块:Uploads

[ 2018-08-23T17:36:28+08:00 ] 123.118.123.78 /Uploads/Img/2018-08-22/02.jpg
INFO: [ app_init ] --START--
INFO: Run Behavior\BuildLiteBehavior [ RunTime:0.000005s ]
INFO: [ app_init ] --END-- [ RunTime:0.000031s ]
ERR: 无法加载模块:Uploads

