[ 2018-08-28T09:13:01+08:00 ] 114.244.15.3 /Uploads/Img/2018-08-22/01.jpg
INFO: [ app_init ] --START--
INFO: Run Behavior\BuildLiteBehavior [ RunTime:0.000005s ]
INFO: [ app_init ] --END-- [ RunTime:0.000032s ]
ERR: 无法加载模块:Uploads

[ 2018-08-28T09:13:01+08:00 ] 114.244.15.3 /Uploads/Img/2018-08-22/02.jpg
INFO: [ app_init ] --START--
INFO: Run Behavior\BuildLiteBehavior [ RunTime:0.000004s ]
INFO: [ app_init ] --END-- [ RunTime:0.000026s ]
ERR: 无法加载模块:Uploads

[ 2018-08-28T09:13:04+08:00 ] 114.244.15.3 /Uploads/Img/2018-08-22/02.jpg
INFO: [ app_init ] --START--
INFO: Run Behavior\BuildLiteBehavior [ RunTime:0.000004s ]
INFO: [ app_init ] --END-- [ RunTime:0.000032s ]
ERR: 无法加载模块:Uploads

[ 2018-08-28T09:13:04+08:00 ] 114.244.15.3 /Uploads/Img/2018-08-22/01.jpg
INFO: [ app_init ] --START--
INFO: Run Behavior\BuildLiteBehavior [ RunTime:0.000004s ]
INFO: [ app_init ] --END-- [ RunTime:0.000032s ]
ERR: 无法加载模块:Uploads

[ 2018-08-28T09:13:24+08:00 ] 114.244.15.3 /Uploads/Img/2018-08-22/01.jpg
INFO: [ app_init ] --START--
INFO: Run Behavior\BuildLiteBehavior [ RunTime:0.000003s ]
INFO: [ app_init ] --END-- [ RunTime:0.000026s ]
ERR: 无法加载模块:Uploads

[ 2018-08-28T09:13:24+08:00 ] 114.244.15.3 /Uploads/Img/2018-08-22/02.jpg
INFO: [ app_init ] --START--
INFO: Run Behavior\BuildLiteBehavior [ RunTime:0.000004s ]
INFO: [ app_init ] --END-- [ RunTime:0.000028s ]
ERR: 无法加载模块:Uploads

[ 2018-08-28T09:26:02+08:00 ] 114.244.15.3 /Uploads/Img/2018-08-22/01.jpg
INFO: [ app_init ] --START--
INFO: Run Behavior\BuildLiteBehavior [ RunTime:0.000006s ]
INFO: [ app_init ] --END-- [ RunTime:0.000043s ]
ERR: 无法加载模块:Uploads

[ 2018-08-28T09:26:02+08:00 ] 114.244.15.3 /Uploads/Img/2018-08-22/02.jpg
INFO: [ app_init ] --START--
INFO: Run Behavior\BuildLiteBehavior [ RunTime:0.000004s ]
INFO: [ app_init ] --END-- [ RunTime:0.000025s ]
ERR: 无法加载模块:Uploads

[ 2018-08-28T09:26:31+08:00 ] 114.244.15.3 /Uploads/Img/2018-08-22/02.jpg
INFO: [ app_init ] --START--
INFO: Run Behavior\BuildLiteBehavior [ RunTime:0.000006s ]
INFO: [ app_init ] --END-- [ RunTime:0.000036s ]
ERR: 无法加载模块:Uploads

[ 2018-08-28T09:26:31+08:00 ] 114.244.15.3 /Uploads/Img/2018-08-22/01.jpg
INFO: [ app_init ] --START--
INFO: Run Behavior\BuildLiteBehavior [ RunTime:0.000006s ]
INFO: [ app_init ] --END-- [ RunTime:0.000036s ]
ERR: 无法加载模块:Uploads

[ 2018-08-28T09:26:34+08:00 ] 114.244.15.3 /Uploads/Img/2018-08-22/02.jpg
INFO: [ app_init ] --START--
INFO: Run Behavior\BuildLiteBehavior [ RunTime:0.000005s ]
INFO: [ app_init ] --END-- [ RunTime:0.000042s ]
ERR: 无法加载模块:Uploads

[ 2018-08-28T09:26:34+08:00 ] 114.244.15.3 /Uploads/Img/2018-08-22/01.jpg
INFO: [ app_init ] --START--
INFO: Run Behavior\BuildLiteBehavior [ RunTime:0.000005s ]
INFO: [ app_init ] --END-- [ RunTime:0.000031s ]
ERR: 无法加载模块:Uploads

[ 2018-08-28T09:26:38+08:00 ] 114.244.15.3 /Uploads/Img/2018-08-22/01.jpg
INFO: [ app_init ] --START--
INFO: Run Behavior\BuildLiteBehavior [ RunTime:0.000005s ]
INFO: [ app_init ] --END-- [ RunTime:0.000032s ]
ERR: 无法加载模块:Uploads

[ 2018-08-28T09:26:38+08:00 ] 114.244.15.3 /Uploads/Img/2018-08-22/02.jpg
INFO: [ app_init ] --START--
INFO: Run Behavior\BuildLiteBehavior [ RunTime:0.000003s ]
INFO: [ app_init ] --END-- [ RunTime:0.000027s ]
ERR: 无法加载模块:Uploads

[ 2018-08-28T09:26:49+08:00 ] 114.244.15.3 /Uploads/Img/2018-08-22/01.jpg
INFO: [ app_init ] --START--
INFO: Run Behavior\BuildLiteBehavior [ RunTime:0.000005s ]
INFO: [ app_init ] --END-- [ RunTime:0.000033s ]
ERR: 无法加载模块:Uploads

[ 2018-08-28T09:26:49+08:00 ] 114.244.15.3 /Uploads/Img/2018-08-22/02.jpg
INFO: [ app_init ] --START--
INFO: Run Behavior\BuildLiteBehavior [ RunTime:0.000004s ]
INFO: [ app_init ] --END-- [ RunTime:0.000029s ]
ERR: 无法加载模块:Uploads

[ 2018-08-28T09:26:52+08:00 ] 114.244.15.3 /Uploads/Img/2018-08-22/01.jpg
INFO: [ app_init ] --START--
INFO: Run Behavior\BuildLiteBehavior [ RunTime:0.000004s ]
INFO: [ app_init ] --END-- [ RunTime:0.000026s ]
ERR: 无法加载模块:Uploads

[ 2018-08-28T09:26:52+08:00 ] 114.244.15.3 /Uploads/Img/2018-08-22/02.jpg
INFO: [ app_init ] --START--
INFO: Run Behavior\BuildLiteBehavior [ RunTime:0.000003s ]
INFO: [ app_init ] --END-- [ RunTime:0.000024s ]
ERR: 无法加载模块:Uploads

[ 2018-08-28T09:26:56+08:00 ] 114.244.15.3 /Uploads/Img/2018-08-22/02.jpg
INFO: [ app_init ] --START--
INFO: Run Behavior\BuildLiteBehavior [ RunTime:0.000004s ]
INFO: [ app_init ] --END-- [ RunTime:0.000029s ]
ERR: 无法加载模块:Uploads

[ 2018-08-28T09:26:56+08:00 ] 114.244.15.3 /Uploads/Img/2018-08-22/01.jpg
INFO: [ app_init ] --START--
INFO: Run Behavior\BuildLiteBehavior [ RunTime:0.000006s ]
INFO: [ app_init ] --END-- [ RunTime:0.000042s ]
ERR: 无法加载模块:Uploads

[ 2018-08-28T09:41:48+08:00 ] 114.244.15.3 /Uploads/Img/2018-08-22/01.jpg
INFO: [ app_init ] --START--
INFO: Run Behavior\BuildLiteBehavior [ RunTime:0.000006s ]
INFO: [ app_init ] --END-- [ RunTime:0.000039s ]
ERR: 无法加载模块:Uploads

[ 2018-08-28T09:41:48+08:00 ] 114.244.15.3 /Uploads/Img/2018-08-22/02.jpg
INFO: [ app_init ] --START--
INFO: Run Behavior\BuildLiteBehavior [ RunTime:0.000004s ]
INFO: [ app_init ] --END-- [ RunTime:0.000027s ]
ERR: 无法加载模块:Uploads

[ 2018-08-28T09:44:57+08:00 ] 114.244.15.3 /Uploads/Img/2018-08-22/01.jpg
INFO: [ app_init ] --START--
INFO: Run Behavior\BuildLiteBehavior [ RunTime:0.000004s ]
INFO: [ app_init ] --END-- [ RunTime:0.000030s ]
ERR: 无法加载模块:Uploads

[ 2018-08-28T09:44:57+08:00 ] 114.244.15.3 /Uploads/Img/2018-08-22/02.jpg
INFO: [ app_init ] --START--
INFO: Run Behavior\BuildLiteBehavior [ RunTime:0.000005s ]
INFO: [ app_init ] --END-- [ RunTime:0.000031s ]
ERR: 无法加载模块:Uploads

[ 2018-08-28T09:45:55+08:00 ] 114.244.15.3 /Uploads/Img/2018-08-22/01.jpg
INFO: [ app_init ] --START--
INFO: Run Behavior\BuildLiteBehavior [ RunTime:0.000007s ]
INFO: [ app_init ] --END-- [ RunTime:0.000046s ]
ERR: 无法加载模块:Uploads

[ 2018-08-28T09:45:55+08:00 ] 114.244.15.3 /Uploads/Img/2018-08-22/02.jpg
INFO: [ app_init ] --START--
INFO: Run Behavior\BuildLiteBehavior [ RunTime:0.000005s ]
INFO: [ app_init ] --END-- [ RunTime:0.000029s ]
ERR: 无法加载模块:Uploads

[ 2018-08-28T09:46:57+08:00 ] 114.244.15.3 /Uploads/Img/2018-08-22/02.jpg
INFO: [ app_init ] --START--
INFO: Run Behavior\BuildLiteBehavior [ RunTime:0.000008s ]
INFO: [ app_init ] --END-- [ RunTime:0.000056s ]
ERR: 无法加载模块:Uploads

[ 2018-08-28T09:46:57+08:00 ] 114.244.15.3 /Uploads/Img/2018-08-22/01.jpg
INFO: [ app_init ] --START--
INFO: Run Behavior\BuildLiteBehavior [ RunTime:0.000008s ]
INFO: [ app_init ] --END-- [ RunTime:0.000056s ]
ERR: 无法加载模块:Uploads

[ 2018-08-28T09:47:51+08:00 ] 114.244.15.3 /Uploads/Img/2018-08-22/01.jpg
INFO: [ app_init ] --START--
INFO: Run Behavior\BuildLiteBehavior [ RunTime:0.000006s ]
INFO: [ app_init ] --END-- [ RunTime:0.000048s ]
ERR: 无法加载模块:Uploads

[ 2018-08-28T09:47:54+08:00 ] 114.244.15.3 /Uploads/Img/2018-08-22/01.jpg
INFO: [ app_init ] --START--
INFO: Run Behavior\BuildLiteBehavior [ RunTime:0.000007s ]
INFO: [ app_init ] --END-- [ RunTime:0.000046s ]
ERR: 无法加载模块:Uploads

[ 2018-08-28T09:47:58+08:00 ] 114.244.15.3 /Uploads/Img/2018-08-22/01.jpg
INFO: [ app_init ] --START--
INFO: Run Behavior\BuildLiteBehavior [ RunTime:0.000006s ]
INFO: [ app_init ] --END-- [ RunTime:0.000045s ]
ERR: 无法加载模块:Uploads

[ 2018-08-28T09:48:01+08:00 ] 114.244.15.3 /Uploads/Img/2018-08-22/01.jpg
INFO: [ app_init ] --START--
INFO: Run Behavior\BuildLiteBehavior [ RunTime:0.000005s ]
INFO: [ app_init ] --END-- [ RunTime:0.000043s ]
ERR: 无法加载模块:Uploads

[ 2018-08-28T09:48:10+08:00 ] 114.244.15.3 /Uploads/Img/2018-08-22/01.jpg
INFO: [ app_init ] --START--
INFO: Run Behavior\BuildLiteBehavior [ RunTime:0.000005s ]
INFO: [ app_init ] --END-- [ RunTime:0.000042s ]
ERR: 无法加载模块:Uploads

[ 2018-08-28T09:48:10+08:00 ] 114.244.15.3 /favicon.ico
INFO: [ app_init ] --START--
INFO: Run Behavior\BuildLiteBehavior [ RunTime:0.000005s ]
INFO: [ app_init ] --END-- [ RunTime:0.000039s ]
ERR: 无法加载模块:Favicon

[ 2018-08-28T09:48:58+08:00 ] 114.244.15.3 /Uploads/Img/2018-08-22/01.jpg
INFO: [ app_init ] --START--
INFO: Run Behavior\BuildLiteBehavior [ RunTime:0.000006s ]
INFO: [ app_init ] --END-- [ RunTime:0.000043s ]
ERR: 无法加载模块:Uploads

[ 2018-08-28T09:49:06+08:00 ] 114.244.15.3 /Uploads/Img/2018-08-22/01.jpg
INFO: [ app_init ] --START--
INFO: Run Behavior\BuildLiteBehavior [ RunTime:0.000004s ]
INFO: [ app_init ] --END-- [ RunTime:0.000027s ]
ERR: 无法加载模块:Uploads

[ 2018-08-28T09:49:10+08:00 ] 114.244.15.3 /Uploads/Img/2018-08-22/01.jpg
INFO: [ app_init ] --START--
INFO: Run Behavior\BuildLiteBehavior [ RunTime:0.000006s ]
INFO: [ app_init ] --END-- [ RunTime:0.000039s ]
ERR: 无法加载模块:Uploads

[ 2018-08-28T09:50:50+08:00 ] 114.244.15.3 /Uploads/Img/2018-08-22/01.jpg
INFO: [ app_init ] --START--
INFO: Run Behavior\BuildLiteBehavior [ RunTime:0.000004s ]
INFO: [ app_init ] --END-- [ RunTime:0.000026s ]
ERR: 无法加载模块:Uploads

[ 2018-08-28T09:51:56+08:00 ] 114.244.15.3 /favicon.ico
INFO: [ app_init ] --START--
INFO: Run Behavior\BuildLiteBehavior [ RunTime:0.000006s ]
INFO: [ app_init ] --END-- [ RunTime:0.000044s ]
ERR: 无法加载模块:Favicon

